<?xml version="1.0" encoding="UTF-8"?>
<!-- Generated by org.testng.reporters.JUnitReportReporter -->
<testsuite hostname="DESKTOP-OMVRQ0A" failures="1" tests="6" name="Master.WidgetStructure" time="0.738" errors="0" timestamp="2023-10-16T11:35:31 IST" skipped="0">
  <testcase classname="Master.WidgetStructure" name="getWidgetStructure" time="0.119"/>
  <system-out/>
  <testcase classname="Master.WidgetStructure" name="getWidgetStructure" time="0.131"/>
  <system-out/>
  <testcase classname="Master.WidgetStructure" name="getWidgetStructure" time="0.116"/>
  <system-out/>
  <testcase classname="Master.WidgetStructure" name="getWidgetStructure" time="0.109"/>
  <system-out/>
  <testcase classname="Master.WidgetStructure" name="getWidgetStructure" time="0.109"/>
  <system-out/>
  <testcase classname="Master.WidgetStructure" name="getWidgetStructure" time="0.154">
    <failure message="expected [{&quot;status&quot;:200,&quot;message&quot;:&quot;OK&quot;,&quot;data&quot;:{&quot;widgetId&quot;:1,&quot;widgetName&quot;:&quot;Basic KYC Doc&quot;,&quot;tabs&quot;:[{&quot;tabId&quot;:1,&quot;tabName&quot;:&quot;AADHAR&quot;,&quot;placeholders&quot;:[{&quot;placeholderId&quot;:1,&quot;placeholderName&quot;:&quot;Front Side&quot;,&quot;docId&quot;:109,&quot;fileUrl&quot;:&quot;https://s3-ap-south-1.amazonaws.com/dev-s3-crop/dev/entity-docs/aadhar/27-basic-kyc-doc-aadhar-front-side.jpg&quot;,&quot;required&quot;:true},{&quot;placeholderId&quot;:1,&quot;placeholderName&quot;:&quot;Front Side&quot;,&quot;docId&quot;:123,&quot;fileUrl&quot;:&quot;https://s3-ap-south-1.amazonaws.com/dev-s3-crop/dev/entity-docs/aadhar/27-basic-kyc-doc-aadhar-front-side.jpg&quot;,&quot;required&quot;:true},{&quot;placeholderId&quot;:2,&quot;placeholderName&quot;:&quot;Back Side&quot;,&quot;docId&quot;:110,&quot;fileUrl&quot;:&quot;https://s3-ap-south-1.amazonaws.com/dev-s3-crop/dev/entity-docs/aadhar/27-basic-kyc-doc-aadhar-back-side.jpg&quot;,&quot;required&quot;:true},{&quot;placeholderId&quot;:2,&quot;placeholderName&quot;:&quot;Back Side&quot;,&quot;docId&quot;:124,&quot;fileUrl&quot;:&quot;https://s3-ap-south-1.amazonaws.com/dev-s3-crop/dev/entity-docs/aadhar/27-basic-kyc-doc-aadhar-back-side.jpg&quot;,&quot;required&quot;:true}],&quot;required&quot;:true},{&quot;tabId&quot;:3,&quot;tabName&quot;:&quot;PAN Card&quot;,&quot;placeholders&quot;:[{&quot;placeholderId&quot;:3,&quot;placeholderName&quot;:&quot;Front Side&quot;,&quot;docId&quot;:111,&quot;fileUrl&quot;:&quot;https://s3-ap-south-1.amazonaws.com/dev-s3-crop/dev/entity-docs/pan/27-basic-kyc-doc-pan-card-front-side.jpg&quot;,&quot;required&quot;:true},{&quot;placeholderId&quot;:3,&quot;placeholderName&quot;:&quot;Front Side&quot;,&quot;docId&quot;:125,&quot;fileUrl&quot;:&quot;https://s3-ap-south-1.amazonaws.com/dev-s3-crop/dev/entity-docs/pan/27-basic-kyc-doc-pan-card-front-side.jpg&quot;,&quot;required&quot;:true},{&quot;placeholderId&quot;:4,&quot;placeholderName&quot;:&quot;Back Side&quot;,&quot;docId&quot;:161,&quot;fileUrl&quot;:&quot;https://s3-ap-south-1.amazonaws.com/dev-s3-crop/dev/entity-docs/pan/27-basic-kyc-doc-pan-card-back-side.jpg&quot;,&quot;required&quot;:false},{&quot;placeholderId&quot;:4,&quot;placeholderName&quot;:&quot;Back Side&quot;,&quot;docId&quot;:191,&quot;fileUrl&quot;:&quot;https://s3-ap-south-1.amazonaws.com/dev-s3-crop/dev/entity-docs/pan/27-basic-kyc-doc-pan-card-back-side.jpg&quot;,&quot;required&quot;:false},{&quot;placeholderId&quot;:4,&quot;placeholderName&quot;:&quot;Back Side&quot;,&quot;docId&quot;:192,&quot;fileUrl&quot;:&quot;https://s3-ap-south-1.amazonaws.com/dev-s3-crop/dev/entity-docs/pan/27-basic-kyc-doc-pan-card-back-side.jpg&quot;,&quot;required&quot;:false},{&quot;placeholderId&quot;:4,&quot;placeholderName&quot;:&quot;Back Side&quot;,&quot;docId&quot;:193,&quot;fileUrl&quot;:&quot;https://s3-ap-south-1.amazonaws.com/dev-s3-crop/dev/entity-docs/pan/27-basic-kyc-doc-pan-card-back-side.jpg&quot;,&quot;required&quot;:false}],&quot;required&quot;:true},{&quot;tabId&quot;:2,&quot;tabName&quot;:&quot;Voter ID&quot;,&quot;placeholders&quot;:[{&quot;placeholderId&quot;:5,&quot;placeholderName&quot;:&quot;Front Side&quot;,&quot;docId&quot;:162,&quot;fileUrl&quot;:&quot;https://s3-ap-south-1.amazonaws.com/dev-s3-crop/dev/entity-docs/voterid/27-basic-kyc-doc-voter-id-front-side.jpg&quot;,&quot;required&quot;:true},{&quot;placeholderId&quot;:6,&quot;placeholderName&quot;:&quot;Back Side&quot;,&quot;docId&quot;:163,&quot;fileUrl&quot;:&quot;https://s3-ap-south-1.amazonaws.com/dev-s3-crop/dev/entity-docs/voterid/27-basic-kyc-doc-voter-id-back-side.jpg&quot;,&quot;required&quot;:false}],&quot;required&quot;:false},{&quot;tabId&quot;:4,&quot;tabName&quot;:&quot;Passport&quot;,&quot;placeholders&quot;:[{&quot;placeholderId&quot;:10,&quot;placeholderName&quot;:&quot;Front Side&quot;,&quot;docId&quot;:null,&quot;fileUrl&quot;:null,&quot;required&quot;:false}],&quot;required&quot;:false}]}}] but found [{&quot;status&quot;:200,&quot;message&quot;:&quot;OK&quot;,&quot;data&quot;:{&quot;widgetId&quot;:1,&quot;widgetName&quot;:&quot;Basic KYC Doc&quot;,&quot;tabs&quot;:[{&quot;tabId&quot;:1,&quot;tabName&quot;:&quot;AADHAR&quot;,&quot;placeholders&quot;:[{&quot;placeholderId&quot;:1,&quot;placeholderName&quot;:&quot;Front Side&quot;,&quot;docId&quot;:149,&quot;fileUrl&quot;:&quot;https://s3-ap-south-1.amazonaws.com/dev-s3-crop/dev/entity-docs/aadhar/60-basic-kyc-doc-aadhar-front-side.jpg&quot;,&quot;required&quot;:true},{&quot;placeholderId&quot;:2,&quot;placeholderName&quot;:&quot;Back Side&quot;,&quot;docId&quot;:150,&quot;fileUrl&quot;:&quot;https://s3-ap-south-1.amazonaws.com/dev-s3-crop/dev/entity-docs/aadhar/60-basic-kyc-doc-aadhar-back-side.jpg&quot;,&quot;required&quot;:true}],&quot;required&quot;:true},{&quot;tabId&quot;:3,&quot;tabName&quot;:&quot;PAN Card&quot;,&quot;placeholders&quot;:[{&quot;placeholderId&quot;:3,&quot;placeholderName&quot;:&quot;Front Side&quot;,&quot;docId&quot;:151,&quot;fileUrl&quot;:&quot;https://s3-ap-south-1.amazonaws.com/dev-s3-crop/dev/entity-docs/pan/60-basic-kyc-doc-pan-card-front-side.jpg&quot;,&quot;required&quot;:true},{&quot;placeholderId&quot;:4,&quot;placeholderName&quot;:&quot;Back Side&quot;,&quot;docId&quot;:null,&quot;fileUrl&quot;:null,&quot;required&quot;:false}],&quot;required&quot;:true},{&quot;tabId&quot;:2,&quot;tabName&quot;:&quot;Voter ID&quot;,&quot;placeholders&quot;:[{&quot;placeholderId&quot;:5,&quot;placeholderName&quot;:&quot;Front Side&quot;,&quot;docId&quot;:null,&quot;fileUrl&quot;:null,&quot;required&quot;:false},{&quot;placeholderId&quot;:6,&quot;placeholderName&quot;:&quot;Back Side&quot;,&quot;docId&quot;:null,&quot;fileUrl&quot;:null,&quot;required&quot;:false}],&quot;required&quot;:false},{&quot;tabId&quot;:4,&quot;tabName&quot;:&quot;Passport&quot;,&quot;placeholders&quot;:[{&quot;placeholderId&quot;:10,&quot;placeholderName&quot;:&quot;Front Side&quot;,&quot;docId&quot;:null,&quot;fileUrl&quot;:null,&quot;required&quot;:false}],&quot;required&quot;:false}]}}]" type="java.lang.AssertionError">
      <![CDATA[java.lang.AssertionError: expected [{"status":200,"message":"OK","data":{"widgetId":1,"widgetName":"Basic KYC Doc","tabs":[{"tabId":1,"tabName":"AADHAR","placeholders":[{"placeholderId":1,"placeholderName":"Front Side","docId":109,"fileUrl":"https://s3-ap-south-1.amazonaws.com/dev-s3-crop/dev/entity-docs/aadhar/27-basic-kyc-doc-aadhar-front-side.jpg","required":true},{"placeholderId":1,"placeholderName":"Front Side","docId":123,"fileUrl":"https://s3-ap-south-1.amazonaws.com/dev-s3-crop/dev/entity-docs/aadhar/27-basic-kyc-doc-aadhar-front-side.jpg","required":true},{"placeholderId":2,"placeholderName":"Back Side","docId":110,"fileUrl":"https://s3-ap-south-1.amazonaws.com/dev-s3-crop/dev/entity-docs/aadhar/27-basic-kyc-doc-aadhar-back-side.jpg","required":true},{"placeholderId":2,"placeholderName":"Back Side","docId":124,"fileUrl":"https://s3-ap-south-1.amazonaws.com/dev-s3-crop/dev/entity-docs/aadhar/27-basic-kyc-doc-aadhar-back-side.jpg","required":true}],"required":true},{"tabId":3,"tabName":"PAN Card","placeholders":[{"placeholderId":3,"placeholderName":"Front Side","docId":111,"fileUrl":"https://s3-ap-south-1.amazonaws.com/dev-s3-crop/dev/entity-docs/pan/27-basic-kyc-doc-pan-card-front-side.jpg","required":true},{"placeholderId":3,"placeholderName":"Front Side","docId":125,"fileUrl":"https://s3-ap-south-1.amazonaws.com/dev-s3-crop/dev/entity-docs/pan/27-basic-kyc-doc-pan-card-front-side.jpg","required":true},{"placeholderId":4,"placeholderName":"Back Side","docId":161,"fileUrl":"https://s3-ap-south-1.amazonaws.com/dev-s3-crop/dev/entity-docs/pan/27-basic-kyc-doc-pan-card-back-side.jpg","required":false},{"placeholderId":4,"placeholderName":"Back Side","docId":191,"fileUrl":"https://s3-ap-south-1.amazonaws.com/dev-s3-crop/dev/entity-docs/pan/27-basic-kyc-doc-pan-card-back-side.jpg","required":false},{"placeholderId":4,"placeholderName":"Back Side","docId":192,"fileUrl":"https://s3-ap-south-1.amazonaws.com/dev-s3-crop/dev/entity-docs/pan/27-basic-kyc-doc-pan-card-back-side.jpg","required":false},{"placeholderId":4,"placeholderName":"Back Side","docId":193,"fileUrl":"https://s3-ap-south-1.amazonaws.com/dev-s3-crop/dev/entity-docs/pan/27-basic-kyc-doc-pan-card-back-side.jpg","required":false}],"required":true},{"tabId":2,"tabName":"Voter ID","placeholders":[{"placeholderId":5,"placeholderName":"Front Side","docId":162,"fileUrl":"https://s3-ap-south-1.amazonaws.com/dev-s3-crop/dev/entity-docs/voterid/27-basic-kyc-doc-voter-id-front-side.jpg","required":true},{"placeholderId":6,"placeholderName":"Back Side","docId":163,"fileUrl":"https://s3-ap-south-1.amazonaws.com/dev-s3-crop/dev/entity-docs/voterid/27-basic-kyc-doc-voter-id-back-side.jpg","required":false}],"required":false},{"tabId":4,"tabName":"Passport","placeholders":[{"placeholderId":10,"placeholderName":"Front Side","docId":null,"fileUrl":null,"required":false}],"required":false}]}}] but found [{"status":200,"message":"OK","data":{"widgetId":1,"widgetName":"Basic KYC Doc","tabs":[{"tabId":1,"tabName":"AADHAR","placeholders":[{"placeholderId":1,"placeholderName":"Front Side","docId":149,"fileUrl":"https://s3-ap-south-1.amazonaws.com/dev-s3-crop/dev/entity-docs/aadhar/60-basic-kyc-doc-aadhar-front-side.jpg","required":true},{"placeholderId":2,"placeholderName":"Back Side","docId":150,"fileUrl":"https://s3-ap-south-1.amazonaws.com/dev-s3-crop/dev/entity-docs/aadhar/60-basic-kyc-doc-aadhar-back-side.jpg","required":true}],"required":true},{"tabId":3,"tabName":"PAN Card","placeholders":[{"placeholderId":3,"placeholderName":"Front Side","docId":151,"fileUrl":"https://s3-ap-south-1.amazonaws.com/dev-s3-crop/dev/entity-docs/pan/60-basic-kyc-doc-pan-card-front-side.jpg","required":true},{"placeholderId":4,"placeholderName":"Back Side","docId":null,"fileUrl":null,"required":false}],"required":true},{"tabId":2,"tabName":"Voter ID","placeholders":[{"placeholderId":5,"placeholderName":"Front Side","docId":null,"fileUrl":null,"required":false},{"placeholderId":6,"placeholderName":"Back Side","docId":null,"fileUrl":null,"required":false}],"required":false},{"tabId":4,"tabName":"Passport","placeholders":[{"placeholderId":10,"placeholderName":"Front Side","docId":null,"fileUrl":null,"required":false}],"required":false}]}}]
at org.testng.Assert.fail(Assert.java:110)
at org.testng.Assert.failNotEquals(Assert.java:1577)
at org.testng.Assert.assertEqualsImpl(Assert.java:149)
at org.testng.Assert.assertEquals(Assert.java:131)
at org.testng.Assert.assertEquals(Assert.java:655)
at org.testng.Assert.assertEquals(Assert.java:665)
at Master.WidgetStructure.getWidgetStructure(WidgetStructure.java:43)
at java.base/jdk.internal.reflect.DirectMethodHandleAccessor.invoke(DirectMethodHandleAccessor.java:104)
at java.base/java.lang.reflect.Method.invoke(Method.java:578)
at org.testng.internal.invokers.MethodInvocationHelper.invokeMethod(MethodInvocationHelper.java:139)
at org.testng.internal.invokers.TestInvoker.invokeMethod(TestInvoker.java:677)
at org.testng.internal.invokers.TestInvoker.invokeTestMethod(TestInvoker.java:221)
at org.testng.internal.invokers.MethodRunner.runInSequence(MethodRunner.java:50)
at org.testng.internal.invokers.TestInvoker$MethodInvocationAgent.invoke(TestInvoker.java:969)
at org.testng.internal.invokers.TestInvoker.invokeTestMethods(TestInvoker.java:194)
at org.testng.internal.invokers.TestMethodWorker.invokeTestMethods(TestMethodWorker.java:148)
at org.testng.internal.invokers.TestMethodWorker.run(TestMethodWorker.java:128)
at java.base/java.util.ArrayList.forEach(ArrayList.java:1511)
at org.testng.TestRunner.privateRun(TestRunner.java:829)
at org.testng.TestRunner.run(TestRunner.java:602)
at org.testng.SuiteRunner.runTest(SuiteRunner.java:437)
at org.testng.SuiteRunner.runSequentially(SuiteRunner.java:431)
at org.testng.SuiteRunner.privateRun(SuiteRunner.java:391)
at org.testng.SuiteRunner.run(SuiteRunner.java:330)
at org.testng.SuiteRunnerWorker.runSuite(SuiteRunnerWorker.java:52)
at org.testng.SuiteRunnerWorker.run(SuiteRunnerWorker.java:95)
at org.testng.TestNG.runSuitesSequentially(TestNG.java:1256)
at org.testng.TestNG.runSuitesLocally(TestNG.java:1176)
at org.testng.TestNG.runSuites(TestNG.java:1099)
at org.testng.TestNG.run(TestNG.java:1067)
at org.testng.remote.AbstractRemoteTestNG.run(AbstractRemoteTestNG.java:115)
at org.testng.remote.RemoteTestNG.initAndRun(RemoteTestNG.java:251)
at org.testng.remote.RemoteTestNG.main(RemoteTestNG.java:77)
]]>
    </failure>
  </testcase> <!-- getWidgetStructure -->
  <system-out/>
</testsuite> <!-- Master.WidgetStructure -->
