<?xml version="1.0" encoding="UTF-8"?>
<!-- Generated by org.testng.reporters.JUnitReportReporter -->
<testsuite hostname="DESKTOP-OMVRQ0A" failures="0" tests="2" name="Auth.Val" time="0.415" errors="0" timestamp="2023-09-06T16:47:29 IST" skipped="0">
  <testcase classname="Auth.Val" name="postValOtp" time="0.225"/>
  <system-out/>
  <testcase classname="Auth.Val" name="postValOtp" time="0.190"/>
  <system-out/>
</testsuite> <!-- Auth.Val -->
