<?xml version="1.0" encoding="UTF-8"?>
<!-- Generated by org.testng.reporters.JUnitReportReporter -->
<testsuite hostname="DESKTOP-OMVRQ0A" failures="0" tests="1" name="Master.UserBank" time="0.096" errors="0" timestamp="2023-09-25T11:49:28 IST" skipped="0">
  <testcase classname="Master.UserBank" name="getUserBank" time="0.096"/>
  <system-out/>
</testsuite> <!-- Master.UserBank -->
