<?xml version="1.0" encoding="UTF-8"?>
<!-- Generated by org.testng.reporters.JUnitReportReporter -->
<testsuite hostname="DESKTOP-OMVRQ0A" failures="0" tests="2" name="Master.testw" time="0.021" errors="0" timestamp="2023-09-04T17:50:05 IST" skipped="0">
  <testcase classname="Master.testw" name="testTwo" time="0.019"/>
  <system-out/>
  <testcase classname="Master.testw" name="testOne" time="0.002"/>
  <system-out/>
</testsuite> <!-- Master.testw -->
