<?xml version="1.0" encoding="UTF-8"?>
<!-- Generated by org.testng.reporters.JUnitReportReporter -->
<testsuite hostname="DESKTOP-OMVRQ0A" failures="0" tests="1" name="Auth.ValidateOtp" time="3.392" errors="0" timestamp="2023-12-13T15:26:17 IST" skipped="0">
  <testcase classname="Auth.ValidateOtp" name="postValOtp" time="3.392"/>
  <system-out/>
</testsuite> <!-- Auth.ValidateOtp -->
