<?xml version="1.0" encoding="UTF-8"?>
<!-- Generated by org.testng.reporters.JUnitReportReporter -->
<testsuite hostname="DESKTOP-OMVRQ0A" failures="0" tests="4" name="Auth.GenerateOtp" time="3.830" errors="0" timestamp="2023-12-13T11:21:34 IST" skipped="0">
  <testcase classname="Auth.GenerateOtp" name="postGenOtp" time="0.408"/>
  <system-out/>
  <testcase classname="Auth.GenerateOtp" name="postGenOtp" time="3.135"/>
  <system-out/>
  <testcase classname="Auth.GenerateOtp" name="postGenOtp" time="0.147"/>
  <system-out/>
  <testcase classname="Auth.GenerateOtp" name="postGenOtp" time="0.140"/>
  <system-out/>
</testsuite> <!-- Auth.GenerateOtp -->
